Performing C SOURCE FILE Test CMAKE_HAVE_LIBC_PTHREAD failed with the following output:
Change Dir: /home/skylar-xty/Add_Pan/ROS2/ROS2-QT/QT_1/src/ros2_qt5_gui_app/build/CMakeFiles/CMakeTmp

Run Build Command(s):/usr/bin/make cmTC_fc6fb/fast && /usr/bin/make  -f CMakeFiles/cmTC_fc6fb.dir/build.make CMakeFiles/cmTC_fc6fb.dir/build
make[1]: 进入目录“/home/skylar-xty/Add_Pan/ROS2/ROS2-QT/QT_1/src/ros2_qt5_gui_app/build/CMakeFiles/CMakeTmp”
Building C object CMakeFiles/cmTC_fc6fb.dir/src.c.o
/usr/bin/cc   -DCMAKE_HAVE_LIBC_PTHREAD   -o CMakeFiles/cmTC_fc6fb.dir/src.c.o   -c /home/skylar-xty/Add_Pan/ROS2/ROS2-QT/QT_1/src/ros2_qt5_gui_app/build/CMakeFiles/CMakeTmp/src.c
Linking C executable cmTC_fc6fb
/usr/local/bin/cmake -E cmake_link_script CMakeFiles/cmTC_fc6fb.dir/link.txt --verbose=1
/usr/bin/cc  -DCMAKE_HAVE_LIBC_PTHREAD    CMakeFiles/cmTC_fc6fb.dir/src.c.o  -o cmTC_fc6fb 
/usr/bin/ld: CMakeFiles/cmTC_fc6fb.dir/src.c.o: in function `main':
src.c:(.text+0x46): undefined reference to `pthread_create'
/usr/bin/ld: src.c:(.text+0x52): undefined reference to `pthread_detach'
/usr/bin/ld: src.c:(.text+0x63): undefined reference to `pthread_join'
collect2: error: ld returned 1 exit status
make[1]: *** [CMakeFiles/cmTC_fc6fb.dir/build.make:90：cmTC_fc6fb] 错误 1
make[1]: 离开目录“/home/skylar-xty/Add_Pan/ROS2/ROS2-QT/QT_1/src/ros2_qt5_gui_app/build/CMakeFiles/CMakeTmp”
make: *** [Makefile:124：cmTC_fc6fb/fast] 错误 2


Source file was:
#include <pthread.h>

void* test_func(void* data)
{
  return data;
}

int main(void)
{
  pthread_t thread;
  pthread_create(&thread, NULL, test_func, NULL);
  pthread_detach(thread);
  pthread_join(thread, NULL);
  pthread_atfork(NULL, NULL, NULL);
  pthread_exit(NULL);

  return 0;
}

Determining if the function pthread_create exists in the pthreads failed with the following output:
Change Dir: /home/skylar-xty/Add_Pan/ROS2/ROS2-QT/QT_1/src/ros2_qt5_gui_app/build/CMakeFiles/CMakeTmp

Run Build Command(s):/usr/bin/make cmTC_143bb/fast && /usr/bin/make  -f CMakeFiles/cmTC_143bb.dir/build.make CMakeFiles/cmTC_143bb.dir/build
make[1]: 进入目录“/home/skylar-xty/Add_Pan/ROS2/ROS2-QT/QT_1/src/ros2_qt5_gui_app/build/CMakeFiles/CMakeTmp”
Building C object CMakeFiles/cmTC_143bb.dir/CheckFunctionExists.c.o
/usr/bin/cc   -DCHECK_FUNCTION_EXISTS=pthread_create   -o CMakeFiles/cmTC_143bb.dir/CheckFunctionExists.c.o   -c /usr/local/share/cmake-3.16/Modules/CheckFunctionExists.c
Linking C executable cmTC_143bb
/usr/local/bin/cmake -E cmake_link_script CMakeFiles/cmTC_143bb.dir/link.txt --verbose=1
/usr/bin/cc  -DCHECK_FUNCTION_EXISTS=pthread_create    CMakeFiles/cmTC_143bb.dir/CheckFunctionExists.c.o  -o cmTC_143bb  -lpthreads 
/usr/bin/ld: 找不到 -lpthreads
collect2: error: ld returned 1 exit status
make[1]: *** [CMakeFiles/cmTC_143bb.dir/build.make:90：cmTC_143bb] 错误 1
make[1]: 离开目录“/home/skylar-xty/Add_Pan/ROS2/ROS2-QT/QT_1/src/ros2_qt5_gui_app/build/CMakeFiles/CMakeTmp”
make: *** [Makefile:124：cmTC_143bb/fast] 错误 2



