[0.207s] DEBUG:colcon:Command line arguments: ['/usr/bin/colcon', 'build']
[0.208s] DEBUG:colcon:Parsed command line arguments: Namespace(allow_overriding=[], ament_cmake_args=None, base_paths=['.'], build_base='build', catkin_cmake_args=None, catkin_skip_building_tests=False, cmake_args=None, cmake_clean_cache=False, cmake_clean_first=False, cmake_force_configure=False, cmake_target=None, cmake_target_skip_unavailable=False, continue_on_error=False, event_handlers=None, executor='parallel', ignore_user_meta=False, install_base='install', log_base=None, log_level=None, main=<bound method BuildVerb.main of <colcon_core.verb.build.BuildVerb object at 0x7fc13e779940>>, merge_install=False, metas=['./colcon.meta'], packages_above=None, packages_above_and_dependencies=None, packages_above_depth=None, packages_end=None, packages_ignore=None, packages_ignore_regex=None, packages_select=None, packages_select_build_failed=False, packages_select_by_dep=None, packages_select_regex=None, packages_select_test_failures=False, packages_skip=None, packages_skip_build_finished=False, packages_skip_by_dep=None, packages_skip_regex=None, packages_skip_test_passed=False, packages_skip_up_to=None, packages_start=None, packages_up_to=None, packages_up_to_regex=None, parallel_workers=16, paths=None, symlink_install=False, test_result_base=None, verb_extension=<colcon_core.verb.build.BuildVerb object at 0x7fc13e779940>, verb_name='build', verb_parser=<colcon_defaults.argument_parser.defaults.DefaultArgumentsDecorator object at 0x7fc13e779eb0>)
[0.225s] Level 1:colcon.colcon_core.package_discovery:discover_packages(colcon_meta) check parameters
[0.225s] Level 1:colcon.colcon_core.package_discovery:discover_packages(recursive) check parameters
[0.225s] Level 1:colcon.colcon_core.package_discovery:discover_packages(ignore) check parameters
[0.225s] Level 1:colcon.colcon_core.package_discovery:discover_packages(path) check parameters
[0.225s] Level 1:colcon.colcon_core.package_discovery:discover_packages(colcon_meta) discover
[0.225s] Level 1:colcon.colcon_core.package_discovery:discover_packages(recursive) discover
[0.225s] INFO:colcon.colcon_core.package_discovery:Crawling recursively for packages in '/home/skylar-xty/Add_Pan/ROS2/ROS2-QT/QT_1'
[0.225s] Level 1:colcon.colcon_core.package_identification:_identify(.) by extensions ['ignore', 'ignore_ament_install']
[0.225s] Level 1:colcon.colcon_core.package_identification:_identify(.) by extension 'ignore'
[0.225s] Level 1:colcon.colcon_core.package_identification:_identify(.) by extension 'ignore_ament_install'
[0.225s] Level 1:colcon.colcon_core.package_identification:_identify(.) by extensions ['colcon_pkg']
[0.225s] Level 1:colcon.colcon_core.package_identification:_identify(.) by extension 'colcon_pkg'
[0.225s] Level 1:colcon.colcon_core.package_identification:_identify(.) by extensions ['colcon_meta']
[0.225s] Level 1:colcon.colcon_core.package_identification:_identify(.) by extension 'colcon_meta'
[0.225s] Level 1:colcon.colcon_core.package_identification:_identify(.) by extensions ['ros']
[0.225s] Level 1:colcon.colcon_core.package_identification:_identify(.) by extension 'ros'
[0.267s] Level 1:colcon.colcon_core.package_identification:_identify(.) by extensions ['cmake', 'python']
[0.267s] Level 1:colcon.colcon_core.package_identification:_identify(.) by extension 'cmake'
[0.267s] Level 1:colcon.colcon_core.package_identification:_identify(.) by extension 'python'
[0.267s] Level 1:colcon.colcon_core.package_identification:_identify(.) by extensions ['python_setup_py']
[0.267s] Level 1:colcon.colcon_core.package_identification:_identify(.) by extension 'python_setup_py'
[0.267s] Level 1:colcon.colcon_core.package_identification:_identify(build) by extensions ['ignore', 'ignore_ament_install']
[0.267s] Level 1:colcon.colcon_core.package_identification:_identify(build) by extension 'ignore'
[0.267s] Level 1:colcon.colcon_core.package_identification:_identify(build) ignored
[0.267s] Level 1:colcon.colcon_core.package_identification:_identify(install) by extensions ['ignore', 'ignore_ament_install']
[0.267s] Level 1:colcon.colcon_core.package_identification:_identify(install) by extension 'ignore'
[0.268s] Level 1:colcon.colcon_core.package_identification:_identify(install) ignored
[0.268s] Level 1:colcon.colcon_core.package_identification:_identify(log) by extensions ['ignore', 'ignore_ament_install']
[0.268s] Level 1:colcon.colcon_core.package_identification:_identify(log) by extension 'ignore'
[0.268s] Level 1:colcon.colcon_core.package_identification:_identify(log) ignored
[0.268s] Level 1:colcon.colcon_core.package_identification:_identify(src) by extensions ['ignore', 'ignore_ament_install']
[0.268s] Level 1:colcon.colcon_core.package_identification:_identify(src) by extension 'ignore'
[0.268s] Level 1:colcon.colcon_core.package_identification:_identify(src) by extension 'ignore_ament_install'
[0.268s] Level 1:colcon.colcon_core.package_identification:_identify(src) by extensions ['colcon_pkg']
[0.268s] Level 1:colcon.colcon_core.package_identification:_identify(src) by extension 'colcon_pkg'
[0.268s] Level 1:colcon.colcon_core.package_identification:_identify(src) by extensions ['colcon_meta']
[0.268s] Level 1:colcon.colcon_core.package_identification:_identify(src) by extension 'colcon_meta'
[0.268s] Level 1:colcon.colcon_core.package_identification:_identify(src) by extensions ['ros']
[0.268s] Level 1:colcon.colcon_core.package_identification:_identify(src) by extension 'ros'
[0.268s] Level 1:colcon.colcon_core.package_identification:_identify(src) by extensions ['cmake', 'python']
[0.268s] Level 1:colcon.colcon_core.package_identification:_identify(src) by extension 'cmake'
[0.268s] Level 1:colcon.colcon_core.package_identification:_identify(src) by extension 'python'
[0.268s] Level 1:colcon.colcon_core.package_identification:_identify(src) by extensions ['python_setup_py']
[0.268s] Level 1:colcon.colcon_core.package_identification:_identify(src) by extension 'python_setup_py'
[0.268s] Level 1:colcon.colcon_core.package_identification:_identify(src/ros2_qt5_gui_app) by extensions ['ignore', 'ignore_ament_install']
[0.268s] Level 1:colcon.colcon_core.package_identification:_identify(src/ros2_qt5_gui_app) by extension 'ignore'
[0.268s] Level 1:colcon.colcon_core.package_identification:_identify(src/ros2_qt5_gui_app) by extension 'ignore_ament_install'
[0.268s] Level 1:colcon.colcon_core.package_identification:_identify(src/ros2_qt5_gui_app) by extensions ['colcon_pkg']
[0.268s] Level 1:colcon.colcon_core.package_identification:_identify(src/ros2_qt5_gui_app) by extension 'colcon_pkg'
[0.268s] Level 1:colcon.colcon_core.package_identification:_identify(src/ros2_qt5_gui_app) by extensions ['colcon_meta']
[0.268s] Level 1:colcon.colcon_core.package_identification:_identify(src/ros2_qt5_gui_app) by extension 'colcon_meta'
[0.268s] Level 1:colcon.colcon_core.package_identification:_identify(src/ros2_qt5_gui_app) by extensions ['ros']
[0.268s] Level 1:colcon.colcon_core.package_identification:_identify(src/ros2_qt5_gui_app) by extension 'ros'
[0.270s] DEBUG:colcon.colcon_core.package_identification:Package 'src/ros2_qt5_gui_app' with type 'ros.ament_cmake' and name 'ros2_qt5_gui_app'
[0.270s] Level 1:colcon.colcon_core.package_discovery:discover_packages(recursive) using defaults
[0.270s] Level 1:colcon.colcon_core.package_discovery:discover_packages(ignore) discover
[0.270s] Level 1:colcon.colcon_core.package_discovery:discover_packages(ignore) using defaults
[0.270s] Level 1:colcon.colcon_core.package_discovery:discover_packages(path) discover
[0.270s] Level 1:colcon.colcon_core.package_discovery:discover_packages(path) using defaults
[0.283s] Level 1:colcon.colcon_core.package_discovery:discover_packages(prefix_path) check parameters
[0.283s] Level 1:colcon.colcon_core.package_discovery:discover_packages(prefix_path) discover
[0.284s] WARNING:colcon.colcon_core.prefix_path.colcon:The path '/home/skylar-xty/Add_Pan/ROS2/ROS2-QT/install' in the environment variable COLCON_PREFIX_PATH doesn't exist
[0.284s] WARNING:colcon.colcon_ros.prefix_path.ament:The path '/home/skylar-xty/Add_Pan/ROS2/ROS2-QT/install/ros2_qt5_gui_app' in the environment variable AMENT_PREFIX_PATH doesn't exist
[0.284s] WARNING:colcon.colcon_ros.prefix_path.catkin:The path '/home/skylar-xty/Add_Pan/ROS2/ROS2-QT/install/ros2_qt5_gui_app' in the environment variable CMAKE_PREFIX_PATH doesn't exist
[0.285s] DEBUG:colcon.colcon_installed_package_information.package_discovery:Found 1 installed packages in /home/skylar-xty/Add_Pan/ROS2/ROS2-QT/QT_1/install
[0.286s] DEBUG:colcon.colcon_installed_package_information.package_discovery:Found 256 installed packages in /opt/ros/foxy
[0.287s] Level 1:colcon.colcon_core.package_discovery:discover_packages(prefix_path) using defaults
[0.327s] Level 5:colcon.colcon_core.verb:set package 'ros2_qt5_gui_app' build argument 'cmake_args' from command line to 'None'
[0.327s] Level 5:colcon.colcon_core.verb:set package 'ros2_qt5_gui_app' build argument 'cmake_target' from command line to 'None'
[0.327s] Level 5:colcon.colcon_core.verb:set package 'ros2_qt5_gui_app' build argument 'cmake_target_skip_unavailable' from command line to 'False'
[0.327s] Level 5:colcon.colcon_core.verb:set package 'ros2_qt5_gui_app' build argument 'cmake_clean_cache' from command line to 'False'
[0.327s] Level 5:colcon.colcon_core.verb:set package 'ros2_qt5_gui_app' build argument 'cmake_clean_first' from command line to 'False'
[0.327s] Level 5:colcon.colcon_core.verb:set package 'ros2_qt5_gui_app' build argument 'cmake_force_configure' from command line to 'False'
[0.327s] Level 5:colcon.colcon_core.verb:set package 'ros2_qt5_gui_app' build argument 'ament_cmake_args' from command line to 'None'
[0.327s] Level 5:colcon.colcon_core.verb:set package 'ros2_qt5_gui_app' build argument 'catkin_cmake_args' from command line to 'None'
[0.327s] Level 5:colcon.colcon_core.verb:set package 'ros2_qt5_gui_app' build argument 'catkin_skip_building_tests' from command line to 'False'
[0.327s] DEBUG:colcon.colcon_core.verb:Building package 'ros2_qt5_gui_app' with the following arguments: {'ament_cmake_args': None, 'build_base': '/home/skylar-xty/Add_Pan/ROS2/ROS2-QT/QT_1/build/ros2_qt5_gui_app', 'catkin_cmake_args': None, 'catkin_skip_building_tests': False, 'cmake_args': None, 'cmake_clean_cache': False, 'cmake_clean_first': False, 'cmake_force_configure': False, 'cmake_target': None, 'cmake_target_skip_unavailable': False, 'install_base': '/home/skylar-xty/Add_Pan/ROS2/ROS2-QT/QT_1/install/ros2_qt5_gui_app', 'merge_install': False, 'path': '/home/skylar-xty/Add_Pan/ROS2/ROS2-QT/QT_1/src/ros2_qt5_gui_app', 'symlink_install': False, 'test_result_base': None}
[0.327s] INFO:colcon.colcon_core.executor:Executing jobs using 'parallel' executor
[0.330s] DEBUG:colcon.colcon_parallel_executor.executor.parallel:run_until_complete
[0.330s] INFO:colcon.colcon_ros.task.ament_cmake.build:Building ROS package in '/home/skylar-xty/Add_Pan/ROS2/ROS2-QT/QT_1/src/ros2_qt5_gui_app' with build type 'ament_cmake'
[0.330s] INFO:colcon.colcon_cmake.task.cmake.build:Building CMake package in '/home/skylar-xty/Add_Pan/ROS2/ROS2-QT/QT_1/src/ros2_qt5_gui_app'
[0.333s] INFO:colcon.colcon_core.plugin_system:Skipping extension 'colcon_core.shell.bat': Not used on non-Windows systems
[0.333s] INFO:colcon.colcon_core.shell:Skip shell extension 'powershell' for command environment: Not usable outside of PowerShell
[0.333s] DEBUG:colcon.colcon_core.shell:Skip shell extension 'dsv' for command environment
[0.340s] DEBUG:colcon.colcon_core.event_handler.log_command:Invoking command in '/home/skylar-xty/Add_Pan/ROS2/ROS2-QT/QT_1/build/ros2_qt5_gui_app': CMAKE_PREFIX_PATH=${CMAKE_PREFIX_PATH}:/opt/ros/foxy /usr/local/bin/cmake /home/skylar-xty/Add_Pan/ROS2/ROS2-QT/QT_1/src/ros2_qt5_gui_app -DCMAKE_INSTALL_PREFIX=/home/skylar-xty/Add_Pan/ROS2/ROS2-QT/QT_1/install/ros2_qt5_gui_app
[2.185s] DEBUG:colcon.colcon_core.event_handler.log_command:Invoked command in '/home/skylar-xty/Add_Pan/ROS2/ROS2-QT/QT_1/build/ros2_qt5_gui_app' returned '0': CMAKE_PREFIX_PATH=${CMAKE_PREFIX_PATH}:/opt/ros/foxy /usr/local/bin/cmake /home/skylar-xty/Add_Pan/ROS2/ROS2-QT/QT_1/src/ros2_qt5_gui_app -DCMAKE_INSTALL_PREFIX=/home/skylar-xty/Add_Pan/ROS2/ROS2-QT/QT_1/install/ros2_qt5_gui_app
[2.187s] DEBUG:colcon.colcon_core.event_handler.log_command:Invoking command in '/home/skylar-xty/Add_Pan/ROS2/ROS2-QT/QT_1/build/ros2_qt5_gui_app': CMAKE_PREFIX_PATH=${CMAKE_PREFIX_PATH}:/opt/ros/foxy /usr/local/bin/cmake --build /home/skylar-xty/Add_Pan/ROS2/ROS2-QT/QT_1/build/ros2_qt5_gui_app -- -j16 -l16
[6.512s] DEBUG:colcon.colcon_core.event_handler.log_command:Invoked command in '/home/skylar-xty/Add_Pan/ROS2/ROS2-QT/QT_1/build/ros2_qt5_gui_app' returned '0': CMAKE_PREFIX_PATH=${CMAKE_PREFIX_PATH}:/opt/ros/foxy /usr/local/bin/cmake --build /home/skylar-xty/Add_Pan/ROS2/ROS2-QT/QT_1/build/ros2_qt5_gui_app -- -j16 -l16
[6.532s] DEBUG:colcon.colcon_core.event_handler.log_command:Invoking command in '/home/skylar-xty/Add_Pan/ROS2/ROS2-QT/QT_1/build/ros2_qt5_gui_app': CMAKE_PREFIX_PATH=${CMAKE_PREFIX_PATH}:/opt/ros/foxy /usr/local/bin/cmake --install /home/skylar-xty/Add_Pan/ROS2/ROS2-QT/QT_1/build/ros2_qt5_gui_app
[6.538s] Level 1:colcon.colcon_core.environment:create_environment_scripts_only(ros2_qt5_gui_app)
[6.540s] DEBUG:colcon.colcon_core.event_handler.log_command:Invoked command in '/home/skylar-xty/Add_Pan/ROS2/ROS2-QT/QT_1/build/ros2_qt5_gui_app' returned '0': CMAKE_PREFIX_PATH=${CMAKE_PREFIX_PATH}:/opt/ros/foxy /usr/local/bin/cmake --install /home/skylar-xty/Add_Pan/ROS2/ROS2-QT/QT_1/build/ros2_qt5_gui_app
[6.543s] Level 1:colcon.colcon_core.environment:checking '/home/skylar-xty/Add_Pan/ROS2/ROS2-QT/QT_1/install/ros2_qt5_gui_app' for CMake module files
[6.543s] Level 1:colcon.colcon_core.environment:checking '/home/skylar-xty/Add_Pan/ROS2/ROS2-QT/QT_1/install/ros2_qt5_gui_app' for CMake config files
[6.543s] Level 1:colcon.colcon_core.shell:create_environment_hook('ros2_qt5_gui_app', 'cmake_prefix_path')
[6.544s] INFO:colcon.colcon_core.shell:Creating environment hook '/home/skylar-xty/Add_Pan/ROS2/ROS2-QT/QT_1/install/ros2_qt5_gui_app/share/ros2_qt5_gui_app/hook/cmake_prefix_path.ps1'
[6.544s] INFO:colcon.colcon_core.shell:Creating environment descriptor '/home/skylar-xty/Add_Pan/ROS2/ROS2-QT/QT_1/install/ros2_qt5_gui_app/share/ros2_qt5_gui_app/hook/cmake_prefix_path.dsv'
[6.545s] INFO:colcon.colcon_core.shell:Creating environment hook '/home/skylar-xty/Add_Pan/ROS2/ROS2-QT/QT_1/install/ros2_qt5_gui_app/share/ros2_qt5_gui_app/hook/cmake_prefix_path.sh'
[6.545s] Level 1:colcon.colcon_core.environment:checking '/home/skylar-xty/Add_Pan/ROS2/ROS2-QT/QT_1/install/ros2_qt5_gui_app/lib'
[6.545s] Level 1:colcon.colcon_core.environment:checking '/home/skylar-xty/Add_Pan/ROS2/ROS2-QT/QT_1/install/ros2_qt5_gui_app/bin'
[6.545s] Level 1:colcon.colcon_core.environment:checking '/home/skylar-xty/Add_Pan/ROS2/ROS2-QT/QT_1/install/ros2_qt5_gui_app/lib/pkgconfig/ros2_qt5_gui_app.pc'
[6.546s] Level 1:colcon.colcon_core.environment:checking '/home/skylar-xty/Add_Pan/ROS2/ROS2-QT/QT_1/install/ros2_qt5_gui_app/lib/python3.8/site-packages'
[6.546s] Level 1:colcon.colcon_core.environment:checking '/home/skylar-xty/Add_Pan/ROS2/ROS2-QT/QT_1/install/ros2_qt5_gui_app/bin'
[6.547s] INFO:colcon.colcon_core.shell:Creating package script '/home/skylar-xty/Add_Pan/ROS2/ROS2-QT/QT_1/install/ros2_qt5_gui_app/share/ros2_qt5_gui_app/package.ps1'
[6.547s] INFO:colcon.colcon_core.shell:Creating package descriptor '/home/skylar-xty/Add_Pan/ROS2/ROS2-QT/QT_1/install/ros2_qt5_gui_app/share/ros2_qt5_gui_app/package.dsv'
[6.548s] INFO:colcon.colcon_core.shell:Creating package script '/home/skylar-xty/Add_Pan/ROS2/ROS2-QT/QT_1/install/ros2_qt5_gui_app/share/ros2_qt5_gui_app/package.sh'
[6.548s] INFO:colcon.colcon_core.shell:Creating package script '/home/skylar-xty/Add_Pan/ROS2/ROS2-QT/QT_1/install/ros2_qt5_gui_app/share/ros2_qt5_gui_app/package.bash'
[6.548s] INFO:colcon.colcon_core.shell:Creating package script '/home/skylar-xty/Add_Pan/ROS2/ROS2-QT/QT_1/install/ros2_qt5_gui_app/share/ros2_qt5_gui_app/package.zsh'
[6.549s] Level 1:colcon.colcon_core.environment:create_file_with_runtime_dependencies(/home/skylar-xty/Add_Pan/ROS2/ROS2-QT/QT_1/install/ros2_qt5_gui_app/share/colcon-core/packages/ros2_qt5_gui_app)
[6.566s] Level 1:colcon.colcon_core.environment:create_environment_scripts_only(ros2_qt5_gui_app)
[6.567s] Level 1:colcon.colcon_core.environment:checking '/home/skylar-xty/Add_Pan/ROS2/ROS2-QT/QT_1/install/ros2_qt5_gui_app' for CMake module files
[6.567s] Level 1:colcon.colcon_core.environment:checking '/home/skylar-xty/Add_Pan/ROS2/ROS2-QT/QT_1/install/ros2_qt5_gui_app' for CMake config files
[6.567s] Level 1:colcon.colcon_core.shell:create_environment_hook('ros2_qt5_gui_app', 'cmake_prefix_path')
[6.568s] INFO:colcon.colcon_core.shell:Creating environment hook '/home/skylar-xty/Add_Pan/ROS2/ROS2-QT/QT_1/install/ros2_qt5_gui_app/share/ros2_qt5_gui_app/hook/cmake_prefix_path.ps1'
[6.569s] INFO:colcon.colcon_core.shell:Creating environment descriptor '/home/skylar-xty/Add_Pan/ROS2/ROS2-QT/QT_1/install/ros2_qt5_gui_app/share/ros2_qt5_gui_app/hook/cmake_prefix_path.dsv'
[6.569s] INFO:colcon.colcon_core.shell:Creating environment hook '/home/skylar-xty/Add_Pan/ROS2/ROS2-QT/QT_1/install/ros2_qt5_gui_app/share/ros2_qt5_gui_app/hook/cmake_prefix_path.sh'
[6.569s] Level 1:colcon.colcon_core.environment:checking '/home/skylar-xty/Add_Pan/ROS2/ROS2-QT/QT_1/install/ros2_qt5_gui_app/lib'
[6.569s] Level 1:colcon.colcon_core.environment:checking '/home/skylar-xty/Add_Pan/ROS2/ROS2-QT/QT_1/install/ros2_qt5_gui_app/bin'
[6.569s] Level 1:colcon.colcon_core.environment:checking '/home/skylar-xty/Add_Pan/ROS2/ROS2-QT/QT_1/install/ros2_qt5_gui_app/lib/pkgconfig/ros2_qt5_gui_app.pc'
[6.570s] Level 1:colcon.colcon_core.environment:checking '/home/skylar-xty/Add_Pan/ROS2/ROS2-QT/QT_1/install/ros2_qt5_gui_app/lib/python3.8/site-packages'
[6.570s] Level 1:colcon.colcon_core.environment:checking '/home/skylar-xty/Add_Pan/ROS2/ROS2-QT/QT_1/install/ros2_qt5_gui_app/bin'
[6.571s] INFO:colcon.colcon_core.shell:Creating package script '/home/skylar-xty/Add_Pan/ROS2/ROS2-QT/QT_1/install/ros2_qt5_gui_app/share/ros2_qt5_gui_app/package.ps1'
[6.571s] INFO:colcon.colcon_core.shell:Creating package descriptor '/home/skylar-xty/Add_Pan/ROS2/ROS2-QT/QT_1/install/ros2_qt5_gui_app/share/ros2_qt5_gui_app/package.dsv'
[6.571s] INFO:colcon.colcon_core.shell:Creating package script '/home/skylar-xty/Add_Pan/ROS2/ROS2-QT/QT_1/install/ros2_qt5_gui_app/share/ros2_qt5_gui_app/package.sh'
[6.571s] INFO:colcon.colcon_core.shell:Creating package script '/home/skylar-xty/Add_Pan/ROS2/ROS2-QT/QT_1/install/ros2_qt5_gui_app/share/ros2_qt5_gui_app/package.bash'
[6.572s] INFO:colcon.colcon_core.shell:Creating package script '/home/skylar-xty/Add_Pan/ROS2/ROS2-QT/QT_1/install/ros2_qt5_gui_app/share/ros2_qt5_gui_app/package.zsh'
[6.572s] Level 1:colcon.colcon_core.environment:create_file_with_runtime_dependencies(/home/skylar-xty/Add_Pan/ROS2/ROS2-QT/QT_1/install/ros2_qt5_gui_app/share/colcon-core/packages/ros2_qt5_gui_app)
[6.572s] DEBUG:colcon.colcon_parallel_executor.executor.parallel:closing loop
[6.572s] DEBUG:colcon.colcon_parallel_executor.executor.parallel:loop closed
[6.573s] DEBUG:colcon.colcon_parallel_executor.executor.parallel:run_until_complete finished with '0'
[6.573s] DEBUG:colcon.colcon_core.event_reactor:joining thread
[6.576s] INFO:colcon.colcon_core.plugin_system:Skipping extension 'colcon_notification.desktop_notification.terminal_notifier': Not used on non-Darwin systems
[6.577s] INFO:colcon.colcon_core.plugin_system:Skipping extension 'colcon_notification.desktop_notification.win32': Not used on non-Windows systems
[6.577s] INFO:colcon.colcon_notification.desktop_notification:Sending desktop notification using 'notify2'
[6.589s] DEBUG:colcon.colcon_core.event_reactor:joined thread
[6.590s] INFO:colcon.colcon_core.shell:Creating prefix script '/home/skylar-xty/Add_Pan/ROS2/ROS2-QT/QT_1/install/local_setup.ps1'
[6.591s] INFO:colcon.colcon_core.shell:Creating prefix util module '/home/skylar-xty/Add_Pan/ROS2/ROS2-QT/QT_1/install/_local_setup_util_ps1.py'
[6.592s] INFO:colcon.colcon_core.shell:Creating prefix chain script '/home/skylar-xty/Add_Pan/ROS2/ROS2-QT/QT_1/install/setup.ps1'
[6.592s] INFO:colcon.colcon_core.shell:Creating prefix script '/home/skylar-xty/Add_Pan/ROS2/ROS2-QT/QT_1/install/local_setup.sh'
[6.593s] INFO:colcon.colcon_core.shell:Creating prefix util module '/home/skylar-xty/Add_Pan/ROS2/ROS2-QT/QT_1/install/_local_setup_util_sh.py'
[6.593s] INFO:colcon.colcon_core.shell:Creating prefix chain script '/home/skylar-xty/Add_Pan/ROS2/ROS2-QT/QT_1/install/setup.sh'
[6.594s] INFO:colcon.colcon_core.shell:Creating prefix script '/home/skylar-xty/Add_Pan/ROS2/ROS2-QT/QT_1/install/local_setup.bash'
[6.594s] INFO:colcon.colcon_core.shell:Creating prefix chain script '/home/skylar-xty/Add_Pan/ROS2/ROS2-QT/QT_1/install/setup.bash'
[6.595s] INFO:colcon.colcon_core.shell:Creating prefix script '/home/skylar-xty/Add_Pan/ROS2/ROS2-QT/QT_1/install/local_setup.zsh'
[6.595s] INFO:colcon.colcon_core.shell:Creating prefix chain script '/home/skylar-xty/Add_Pan/ROS2/ROS2-QT/QT_1/install/setup.zsh'
