-- Found ament_cmake: 0.9.11 (/opt/ros/foxy/share/ament_cmake/cmake)
-- Using PYTHON_EXECUTABLE: /usr/bin/python3
-- Found ament_lint_auto: 0.9.7 (/opt/ros/foxy/share/ament_lint_auto/cmake)
-- Added test 'copyright' to check source files copyright and LICENSE
-- Added test 'cppcheck' to perform static code analysis on C / C++ code
-- Configured cppcheck include dirs: /home/skylar-xty/Add_Pan/ROS2/ros2_ws1/src/ros2_qt_demo/include
-- Configured cppcheck exclude dirs and/or files: 
-- Added test 'cpplint' to check C / C++ code against the Google style
-- Configured cpplint exclude dirs and/or files: 
-- Added test 'lint_cmake' to check CMake code style
-- Added test 'uncrustify' to check C / C++ code style
-- Configured uncrustify additional arguments: 
-- Added test 'xmllint' to check XML markup files
-- Configuring done
-- Generating done
-- Build files have been written to: /home/skylar-xty/Add_Pan/ROS2/ros2_ws1/build/ros2_qt_demo
[100%] Built target ros2_qt_demo
-- Install configuration: ""
-- Installing: /home/skylar-xty/Add_Pan/ROS2/ros2_ws1/install/ros2_qt_demo/lib/ros2_qt_demo/ros2_qt_demo
-- Up-to-date: /home/skylar-xty/Add_Pan/ROS2/ros2_ws1/install/ros2_qt_demo/share/ament_index/resource_index/package_run_dependencies/ros2_qt_demo
-- Installing: /home/skylar-xty/Add_Pan/ROS2/ros2_ws1/install/ros2_qt_demo/share/ament_index/resource_index/parent_prefix_path/ros2_qt_demo
-- Up-to-date: /home/skylar-xty/Add_Pan/ROS2/ros2_ws1/install/ros2_qt_demo/share/ros2_qt_demo/environment/ament_prefix_path.sh
-- Installing: /home/skylar-xty/Add_Pan/ROS2/ros2_ws1/install/ros2_qt_demo/share/ros2_qt_demo/environment/ament_prefix_path.dsv
-- Up-to-date: /home/skylar-xty/Add_Pan/ROS2/ros2_ws1/install/ros2_qt_demo/share/ros2_qt_demo/environment/path.sh
-- Installing: /home/skylar-xty/Add_Pan/ROS2/ros2_ws1/install/ros2_qt_demo/share/ros2_qt_demo/environment/path.dsv
-- Up-to-date: /home/skylar-xty/Add_Pan/ROS2/ros2_ws1/install/ros2_qt_demo/share/ros2_qt_demo/local_setup.bash
-- Up-to-date: /home/skylar-xty/Add_Pan/ROS2/ros2_ws1/install/ros2_qt_demo/share/ros2_qt_demo/local_setup.sh
-- Up-to-date: /home/skylar-xty/Add_Pan/ROS2/ros2_ws1/install/ros2_qt_demo/share/ros2_qt_demo/local_setup.zsh
-- Installing: /home/skylar-xty/Add_Pan/ROS2/ros2_ws1/install/ros2_qt_demo/share/ros2_qt_demo/local_setup.dsv
-- Installing: /home/skylar-xty/Add_Pan/ROS2/ros2_ws1/install/ros2_qt_demo/share/ros2_qt_demo/package.dsv
-- Up-to-date: /home/skylar-xty/Add_Pan/ROS2/ros2_ws1/install/ros2_qt_demo/share/ament_index/resource_index/packages/ros2_qt_demo
-- Up-to-date: /home/skylar-xty/Add_Pan/ROS2/ros2_ws1/install/ros2_qt_demo/share/ros2_qt_demo/cmake/ros2_qt_demoConfig.cmake
-- Up-to-date: /home/skylar-xty/Add_Pan/ROS2/ros2_ws1/install/ros2_qt_demo/share/ros2_qt_demo/cmake/ros2_qt_demoConfig-version.cmake
-- Up-to-date: /home/skylar-xty/Add_Pan/ROS2/ros2_ws1/install/ros2_qt_demo/share/ros2_qt_demo/package.xml
