[0.009s] Invoking command in '/home/skylar-xty/Add_Pan/ROS2/ros2_ws1/build/ros2_qt_demo': CMAKE_PREFIX_PATH=${CMAKE_PREFIX_PATH}:/opt/ros/foxy /usr/local/bin/cmake --build /home/skylar-xty/Add_Pan/ROS2/ros2_ws1/build/ros2_qt_demo -- -j16 -l16
[0.029s] -- Found ament_cmake: 0.9.11 (/opt/ros/foxy/share/ament_cmake/cmake)
[0.046s] -- Using PYTHON_EXECUTABLE: /usr/bin/python3
[0.188s] -- Found ament_lint_auto: 0.9.7 (/opt/ros/foxy/share/ament_lint_auto/cmake)
[0.267s] -- Added test 'copyright' to check source files copyright and LICENSE
[0.268s] -- Added test 'cppcheck' to perform static code analysis on C / C++ code
[0.269s] -- Configured cppcheck include dirs: /home/skylar-xty/Add_Pan/ROS2/ros2_ws1/src/ros2_qt_demo/include
[0.269s] -- Configured cppcheck exclude dirs and/or files: 
[0.270s] -- Added test 'cpplint' to check C / C++ code against the Google style
[0.270s] -- Configured cpplint exclude dirs and/or files: 
[0.271s] -- Added test 'lint_cmake' to check CMake code style
[0.272s] -- Added test 'uncrustify' to check C / C++ code style
[0.272s] -- Configured uncrustify additional arguments: 
[0.273s] -- Added test 'xmllint' to check XML markup files
[0.275s] -- Configuring done
[0.280s] -- Generating done
[0.281s] -- Build files have been written to: /home/skylar-xty/Add_Pan/ROS2/ros2_ws1/build/ros2_qt_demo
[0.295s] [100%] Built target ros2_qt_demo
[0.298s] Invoked command in '/home/skylar-xty/Add_Pan/ROS2/ros2_ws1/build/ros2_qt_demo' returned '0': CMAKE_PREFIX_PATH=${CMAKE_PREFIX_PATH}:/opt/ros/foxy /usr/local/bin/cmake --build /home/skylar-xty/Add_Pan/ROS2/ros2_ws1/build/ros2_qt_demo -- -j16 -l16
[0.325s] Invoking command in '/home/skylar-xty/Add_Pan/ROS2/ros2_ws1/build/ros2_qt_demo': CMAKE_PREFIX_PATH=${CMAKE_PREFIX_PATH}:/opt/ros/foxy /usr/local/bin/cmake --install /home/skylar-xty/Add_Pan/ROS2/ros2_ws1/build/ros2_qt_demo
[0.329s] -- Install configuration: ""
[0.329s] -- Installing: /home/skylar-xty/Add_Pan/ROS2/ros2_ws1/install/ros2_qt_demo/lib/ros2_qt_demo/ros2_qt_demo
[0.330s] -- Up-to-date: /home/skylar-xty/Add_Pan/ROS2/ros2_ws1/install/ros2_qt_demo/share/ament_index/resource_index/package_run_dependencies/ros2_qt_demo
[0.330s] -- Installing: /home/skylar-xty/Add_Pan/ROS2/ros2_ws1/install/ros2_qt_demo/share/ament_index/resource_index/parent_prefix_path/ros2_qt_demo
[0.330s] -- Up-to-date: /home/skylar-xty/Add_Pan/ROS2/ros2_ws1/install/ros2_qt_demo/share/ros2_qt_demo/environment/ament_prefix_path.sh
[0.330s] -- Installing: /home/skylar-xty/Add_Pan/ROS2/ros2_ws1/install/ros2_qt_demo/share/ros2_qt_demo/environment/ament_prefix_path.dsv
[0.331s] -- Up-to-date: /home/skylar-xty/Add_Pan/ROS2/ros2_ws1/install/ros2_qt_demo/share/ros2_qt_demo/environment/path.sh
[0.331s] -- Installing: /home/skylar-xty/Add_Pan/ROS2/ros2_ws1/install/ros2_qt_demo/share/ros2_qt_demo/environment/path.dsv
[0.331s] -- Up-to-date: /home/skylar-xty/Add_Pan/ROS2/ros2_ws1/install/ros2_qt_demo/share/ros2_qt_demo/local_setup.bash
[0.331s] -- Up-to-date: /home/skylar-xty/Add_Pan/ROS2/ros2_ws1/install/ros2_qt_demo/share/ros2_qt_demo/local_setup.sh
[0.332s] -- Up-to-date: /home/skylar-xty/Add_Pan/ROS2/ros2_ws1/install/ros2_qt_demo/share/ros2_qt_demo/local_setup.zsh
[0.332s] -- Installing: /home/skylar-xty/Add_Pan/ROS2/ros2_ws1/install/ros2_qt_demo/share/ros2_qt_demo/local_setup.dsv
[0.332s] -- Installing: /home/skylar-xty/Add_Pan/ROS2/ros2_ws1/install/ros2_qt_demo/share/ros2_qt_demo/package.dsv
[0.333s] -- Up-to-date: /home/skylar-xty/Add_Pan/ROS2/ros2_ws1/install/ros2_qt_demo/share/ament_index/resource_index/packages/ros2_qt_demo
[0.333s] -- Up-to-date: /home/skylar-xty/Add_Pan/ROS2/ros2_ws1/install/ros2_qt_demo/share/ros2_qt_demo/cmake/ros2_qt_demoConfig.cmake
[0.333s] -- Up-to-date: /home/skylar-xty/Add_Pan/ROS2/ros2_ws1/install/ros2_qt_demo/share/ros2_qt_demo/cmake/ros2_qt_demoConfig-version.cmake
[0.333s] -- Up-to-date: /home/skylar-xty/Add_Pan/ROS2/ros2_ws1/install/ros2_qt_demo/share/ros2_qt_demo/package.xml
[0.335s] Invoked command in '/home/skylar-xty/Add_Pan/ROS2/ros2_ws1/build/ros2_qt_demo' returned '0': CMAKE_PREFIX_PATH=${CMAKE_PREFIX_PATH}:/opt/ros/foxy /usr/local/bin/cmake --install /home/skylar-xty/Add_Pan/ROS2/ros2_ws1/build/ros2_qt_demo
