-- The C compiler identification is GNU 10.3.0
-- The CXX compiler identification is GNU 10.3.0
-- Check for working C compiler: /usr/bin/cc
-- Check for working C compiler: /usr/bin/cc -- works
-- Detecting C compiler ABI info
-- Detecting C compiler ABI info - done
-- Detecting C compile features
-- Detecting C compile features - done
-- Check for working CXX compiler: /usr/bin/c++
-- Check for working CXX compiler: /usr/bin/c++ -- works
-- Detecting CXX compiler ABI info
-- Detecting CXX compiler ABI info - done
-- Detecting CXX compile features
-- Detecting CXX compile features - done
-- Found ament_cmake: 0.9.11 (/opt/ros/foxy/share/ament_cmake/cmake)
-- Found PythonInterp: /usr/bin/python3 (found suitable version "3.8.10", minimum required is "3") 
-- Using PYTHON_EXECUTABLE: /usr/bin/python3
-- Found rclcpp: 2.4.2 (/opt/ros/foxy/share/rclcpp/cmake)
-- Using all available rosidl_typesupport_c: rosidl_typesupport_fastrtps_c;rosidl_typesupport_introspection_c
-- Found rosidl_adapter: 1.3.0 (/opt/ros/foxy/share/rosidl_adapter/cmake)
-- Found OpenSSL: /usr/lib/x86_64-linux-gnu/libcrypto.so (found version "1.1.1f")  
-- Found FastRTPS: /opt/ros/foxy/include  
-- Using all available rosidl_typesupport_cpp: rosidl_typesupport_fastrtps_cpp;rosidl_typesupport_introspection_cpp
-- Found rmw_implementation_cmake: 1.0.3 (/opt/ros/foxy/share/rmw_implementation_cmake/cmake)
-- Using RMW implementation 'rmw_fastrtps_cpp' as default
-- Looking for pthread.h
-- Looking for pthread.h - found
-- Performing Test CMAKE_HAVE_LIBC_PTHREAD
-- Performing Test CMAKE_HAVE_LIBC_PTHREAD - Failed
-- Looking for pthread_create in pthreads
-- Looking for pthread_create in pthreads - not found
-- Looking for pthread_create in pthread
-- Looking for pthread_create in pthread - found
-- Found Threads: TRUE  
-- Found Boost: /usr/lib/x86_64-linux-gnu/cmake/Boost-1.71.0/BoostConfig.cmake (found suitable version "1.71.0", minimum required is "1.71.0") found components: thread 
-- Found ament_lint_auto: 0.9.7 (/opt/ros/foxy/share/ament_lint_auto/cmake)
-- Added test 'copyright' to check source files copyright and LICENSE
-- Added test 'cppcheck' to perform static code analysis on C / C++ code
-- Configured cppcheck include dirs: /home/skylar-xty/Add_Pan/ROS2/ROS2-QT/QT_1/src/ros2_qt5_gui_app/include
-- Configured cppcheck exclude dirs and/or files: 
-- Added test 'cpplint' to check C / C++ code against the Google style
-- Configured cpplint exclude dirs and/or files: 
-- Added test 'lint_cmake' to check CMake code style
-- Added test 'uncrustify' to check C / C++ code style
-- Configured uncrustify additional arguments: 
-- Added test 'xmllint' to check XML markup files
-- Configuring done
-- Generating done
-- Build files have been written to: /home/skylar-xty/Add_Pan/ROS2/ROS2-QT/QT_1/build/ros2_qt5_gui_app
[  9%] [34m[1mGenerating qrc_image.cpp[0m
[ 27%] [34m[1mGenerating include/moc_mainwindow.cpp[0m
[ 27%] [34m[1mGenerating ui_mainwindow.h[0m
[ 36%] [34m[1mGenerating include/moc_rclcomm.cpp[0m
[35m[1mScanning dependencies of target ros2_qt5_gui_app[0m
[ 45%] [32mBuilding CXX object CMakeFiles/ros2_qt5_gui_app.dir/src/main.cpp.o[0m
[ 54%] [32mBuilding CXX object CMakeFiles/ros2_qt5_gui_app.dir/src/mainwindow.cpp.o[0m
[ 63%] [32mBuilding CXX object CMakeFiles/ros2_qt5_gui_app.dir/src/rclcomm.cpp.o[0m
[ 72%] [32mBuilding CXX object CMakeFiles/ros2_qt5_gui_app.dir/include/moc_mainwindow.cpp.o[0m
[ 81%] [32mBuilding CXX object CMakeFiles/ros2_qt5_gui_app.dir/include/moc_rclcomm.cpp.o[0m
[ 90%] [32mBuilding CXX object CMakeFiles/ros2_qt5_gui_app.dir/qrc_image.cpp.o[0m
[100%] [32m[1mLinking CXX executable ros2_qt5_gui_app[0m
[100%] Built target ros2_qt5_gui_app
-- Install configuration: ""
-- Installing: /home/skylar-xty/Add_Pan/ROS2/ROS2-QT/QT_1/install/ros2_qt5_gui_app/lib/ros2_qt5_gui_app/ros2_qt5_gui_app
-- Set runtime path of "/home/skylar-xty/Add_Pan/ROS2/ROS2-QT/QT_1/install/ros2_qt5_gui_app/lib/ros2_qt5_gui_app/ros2_qt5_gui_app" to ""
-- Installing: /home/skylar-xty/Add_Pan/ROS2/ROS2-QT/QT_1/install/ros2_qt5_gui_app/share/ament_index/resource_index/package_run_dependencies/ros2_qt5_gui_app
-- Installing: /home/skylar-xty/Add_Pan/ROS2/ROS2-QT/QT_1/install/ros2_qt5_gui_app/share/ament_index/resource_index/parent_prefix_path/ros2_qt5_gui_app
-- Installing: /home/skylar-xty/Add_Pan/ROS2/ROS2-QT/QT_1/install/ros2_qt5_gui_app/share/ros2_qt5_gui_app/environment/ament_prefix_path.sh
-- Installing: /home/skylar-xty/Add_Pan/ROS2/ROS2-QT/QT_1/install/ros2_qt5_gui_app/share/ros2_qt5_gui_app/environment/ament_prefix_path.dsv
-- Installing: /home/skylar-xty/Add_Pan/ROS2/ROS2-QT/QT_1/install/ros2_qt5_gui_app/share/ros2_qt5_gui_app/environment/path.sh
-- Installing: /home/skylar-xty/Add_Pan/ROS2/ROS2-QT/QT_1/install/ros2_qt5_gui_app/share/ros2_qt5_gui_app/environment/path.dsv
-- Installing: /home/skylar-xty/Add_Pan/ROS2/ROS2-QT/QT_1/install/ros2_qt5_gui_app/share/ros2_qt5_gui_app/local_setup.bash
-- Installing: /home/skylar-xty/Add_Pan/ROS2/ROS2-QT/QT_1/install/ros2_qt5_gui_app/share/ros2_qt5_gui_app/local_setup.sh
-- Installing: /home/skylar-xty/Add_Pan/ROS2/ROS2-QT/QT_1/install/ros2_qt5_gui_app/share/ros2_qt5_gui_app/local_setup.zsh
-- Installing: /home/skylar-xty/Add_Pan/ROS2/ROS2-QT/QT_1/install/ros2_qt5_gui_app/share/ros2_qt5_gui_app/local_setup.dsv
-- Installing: /home/skylar-xty/Add_Pan/ROS2/ROS2-QT/QT_1/install/ros2_qt5_gui_app/share/ros2_qt5_gui_app/package.dsv
-- Installing: /home/skylar-xty/Add_Pan/ROS2/ROS2-QT/QT_1/install/ros2_qt5_gui_app/share/ament_index/resource_index/packages/ros2_qt5_gui_app
-- Installing: /home/skylar-xty/Add_Pan/ROS2/ROS2-QT/QT_1/install/ros2_qt5_gui_app/share/ros2_qt5_gui_app/cmake/ros2_qt5_gui_appConfig.cmake
-- Installing: /home/skylar-xty/Add_Pan/ROS2/ROS2-QT/QT_1/install/ros2_qt5_gui_app/share/ros2_qt5_gui_app/cmake/ros2_qt5_gui_appConfig-version.cmake
-- Installing: /home/skylar-xty/Add_Pan/ROS2/ROS2-QT/QT_1/install/ros2_qt5_gui_app/share/ros2_qt5_gui_app/package.xml
