[0.010s] Invoking command in '/home/skylar-xty/Add_Pan/ROS2/ROS2-QT/QT_1/build/ros2_qt5_gui_app': CMAKE_PREFIX_PATH=${CMAKE_PREFIX_PATH}:/opt/ros/foxy /usr/local/bin/cmake /home/skylar-xty/Add_Pan/ROS2/ROS2-QT/QT_1/src/ros2_qt5_gui_app -DCMAKE_INSTALL_PREFIX=/home/skylar-xty/Add_Pan/ROS2/ROS2-QT/QT_1/install/ros2_qt5_gui_app
[0.063s] -- The C compiler identification is GNU 10.3.0
[0.114s] -- The CXX compiler identification is GNU 10.3.0
[0.124s] -- Check for working C compiler: /usr/bin/cc
[0.179s] -- Check for working C compiler: /usr/bin/cc -- works
[0.181s] -- Detecting C compiler ABI info
[0.220s] -- Detecting C compiler ABI info - done
[0.255s] -- Detecting C compile features
[0.256s] -- Detecting C compile features - done
[0.262s] -- Check for working CXX compiler: /usr/bin/c++
[0.309s] -- Check for working CXX compiler: /usr/bin/c++ -- works
[0.311s] -- Detecting CXX compiler ABI info
[0.358s] -- Detecting CXX compiler ABI info - done
[0.393s] -- Detecting CXX compile features
[0.394s] -- Detecting CXX compile features - done
[0.397s] -- Found ament_cmake: 0.9.11 (/opt/ros/foxy/share/ament_cmake/cmake)
[0.416s] -- Found PythonInterp: /usr/bin/python3 (found suitable version "3.8.10", minimum required is "3") 
[0.416s] -- Using PYTHON_EXECUTABLE: /usr/bin/python3
[0.592s] -- Found rclcpp: 2.4.2 (/opt/ros/foxy/share/rclcpp/cmake)
[0.670s] -- Using all available rosidl_typesupport_c: rosidl_typesupport_fastrtps_c;rosidl_typesupport_introspection_c
[0.682s] -- Found rosidl_adapter: 1.3.0 (/opt/ros/foxy/share/rosidl_adapter/cmake)
[0.758s] -- Found OpenSSL: /usr/lib/x86_64-linux-gnu/libcrypto.so (found version "1.1.1f")  
[0.804s] -- Found FastRTPS: /opt/ros/foxy/include  
[0.960s] -- Using all available rosidl_typesupport_cpp: rosidl_typesupport_fastrtps_cpp;rosidl_typesupport_introspection_cpp
[1.101s] -- Found rmw_implementation_cmake: 1.0.3 (/opt/ros/foxy/share/rmw_implementation_cmake/cmake)
[1.105s] -- Using RMW implementation 'rmw_fastrtps_cpp' as default
[1.107s] -- Looking for pthread.h
[1.148s] -- Looking for pthread.h - found
[1.149s] -- Performing Test CMAKE_HAVE_LIBC_PTHREAD
[1.191s] -- Performing Test CMAKE_HAVE_LIBC_PTHREAD - Failed
[1.191s] -- Looking for pthread_create in pthreads
[1.223s] -- Looking for pthread_create in pthreads - not found
[1.223s] -- Looking for pthread_create in pthread
[1.264s] -- Looking for pthread_create in pthread - found
[1.267s] -- Found Threads: TRUE  
[1.696s] -- Found Boost: /usr/lib/x86_64-linux-gnu/cmake/Boost-1.71.0/BoostConfig.cmake (found suitable version "1.71.0", minimum required is "1.71.0") found components: thread 
[1.706s] -- Found ament_lint_auto: 0.9.7 (/opt/ros/foxy/share/ament_lint_auto/cmake)
[1.802s] -- Added test 'copyright' to check source files copyright and LICENSE
[1.807s] -- Added test 'cppcheck' to perform static code analysis on C / C++ code
[1.808s] -- Configured cppcheck include dirs: /home/skylar-xty/Add_Pan/ROS2/ROS2-QT/QT_1/src/ros2_qt5_gui_app/include
[1.808s] -- Configured cppcheck exclude dirs and/or files: 
[1.813s] -- Added test 'cpplint' to check C / C++ code against the Google style
[1.813s] -- Configured cpplint exclude dirs and/or files: 
[1.815s] -- Added test 'lint_cmake' to check CMake code style
[1.820s] -- Added test 'uncrustify' to check C / C++ code style
[1.820s] -- Configured uncrustify additional arguments: 
[1.822s] -- Added test 'xmllint' to check XML markup files
[1.826s] -- Configuring done
[1.843s] -- Generating done
[1.845s] -- Build files have been written to: /home/skylar-xty/Add_Pan/ROS2/ROS2-QT/QT_1/build/ros2_qt5_gui_app
[1.855s] Invoked command in '/home/skylar-xty/Add_Pan/ROS2/ROS2-QT/QT_1/build/ros2_qt5_gui_app' returned '0': CMAKE_PREFIX_PATH=${CMAKE_PREFIX_PATH}:/opt/ros/foxy /usr/local/bin/cmake /home/skylar-xty/Add_Pan/ROS2/ROS2-QT/QT_1/src/ros2_qt5_gui_app -DCMAKE_INSTALL_PREFIX=/home/skylar-xty/Add_Pan/ROS2/ROS2-QT/QT_1/install/ros2_qt5_gui_app
[1.856s] Invoking command in '/home/skylar-xty/Add_Pan/ROS2/ROS2-QT/QT_1/build/ros2_qt5_gui_app': CMAKE_PREFIX_PATH=${CMAKE_PREFIX_PATH}:/opt/ros/foxy /usr/local/bin/cmake --build /home/skylar-xty/Add_Pan/ROS2/ROS2-QT/QT_1/build/ros2_qt5_gui_app -- -j16 -l16
[1.871s] [  9%] [34m[1mGenerating qrc_image.cpp[0m
[1.871s] [ 18%] [34m[1mGenerating ui_mainwindow.h[0m
[1.871s] [ 27%] [34m[1mGenerating include/moc_mainwindow.cpp[0m
[1.871s] [ 36%] [34m[1mGenerating include/moc_rclcomm.cpp[0m
[1.880s] [35m[1mScanning dependencies of target ros2_qt5_gui_app[0m
[1.949s] [ 45%] [32mBuilding CXX object CMakeFiles/ros2_qt5_gui_app.dir/src/main.cpp.o[0m
[1.949s] [ 54%] [32mBuilding CXX object CMakeFiles/ros2_qt5_gui_app.dir/src/mainwindow.cpp.o[0m
[1.949s] [ 63%] [32mBuilding CXX object CMakeFiles/ros2_qt5_gui_app.dir/src/rclcomm.cpp.o[0m
[1.949s] [ 72%] [32mBuilding CXX object CMakeFiles/ros2_qt5_gui_app.dir/include/moc_mainwindow.cpp.o[0m
[1.949s] [ 81%] [32mBuilding CXX object CMakeFiles/ros2_qt5_gui_app.dir/include/moc_rclcomm.cpp.o[0m
[1.950s] [ 90%] [32mBuilding CXX object CMakeFiles/ros2_qt5_gui_app.dir/qrc_image.cpp.o[0m
[5.757s] [100%] [32m[1mLinking CXX executable ros2_qt5_gui_app[0m
[6.178s] [100%] Built target ros2_qt5_gui_app
[6.181s] Invoked command in '/home/skylar-xty/Add_Pan/ROS2/ROS2-QT/QT_1/build/ros2_qt5_gui_app' returned '0': CMAKE_PREFIX_PATH=${CMAKE_PREFIX_PATH}:/opt/ros/foxy /usr/local/bin/cmake --build /home/skylar-xty/Add_Pan/ROS2/ROS2-QT/QT_1/build/ros2_qt5_gui_app -- -j16 -l16
[6.201s] Invoking command in '/home/skylar-xty/Add_Pan/ROS2/ROS2-QT/QT_1/build/ros2_qt5_gui_app': CMAKE_PREFIX_PATH=${CMAKE_PREFIX_PATH}:/opt/ros/foxy /usr/local/bin/cmake --install /home/skylar-xty/Add_Pan/ROS2/ROS2-QT/QT_1/build/ros2_qt5_gui_app
[6.204s] -- Install configuration: ""
[6.204s] -- Installing: /home/skylar-xty/Add_Pan/ROS2/ROS2-QT/QT_1/install/ros2_qt5_gui_app/lib/ros2_qt5_gui_app/ros2_qt5_gui_app
[6.205s] -- Set runtime path of "/home/skylar-xty/Add_Pan/ROS2/ROS2-QT/QT_1/install/ros2_qt5_gui_app/lib/ros2_qt5_gui_app/ros2_qt5_gui_app" to ""
[6.206s] -- Installing: /home/skylar-xty/Add_Pan/ROS2/ROS2-QT/QT_1/install/ros2_qt5_gui_app/share/ament_index/resource_index/package_run_dependencies/ros2_qt5_gui_app
[6.206s] -- Installing: /home/skylar-xty/Add_Pan/ROS2/ROS2-QT/QT_1/install/ros2_qt5_gui_app/share/ament_index/resource_index/parent_prefix_path/ros2_qt5_gui_app
[6.206s] -- Installing: /home/skylar-xty/Add_Pan/ROS2/ROS2-QT/QT_1/install/ros2_qt5_gui_app/share/ros2_qt5_gui_app/environment/ament_prefix_path.sh
[6.206s] -- Installing: /home/skylar-xty/Add_Pan/ROS2/ROS2-QT/QT_1/install/ros2_qt5_gui_app/share/ros2_qt5_gui_app/environment/ament_prefix_path.dsv
[6.206s] -- Installing: /home/skylar-xty/Add_Pan/ROS2/ROS2-QT/QT_1/install/ros2_qt5_gui_app/share/ros2_qt5_gui_app/environment/path.sh
[6.206s] -- Installing: /home/skylar-xty/Add_Pan/ROS2/ROS2-QT/QT_1/install/ros2_qt5_gui_app/share/ros2_qt5_gui_app/environment/path.dsv
[6.206s] -- Installing: /home/skylar-xty/Add_Pan/ROS2/ROS2-QT/QT_1/install/ros2_qt5_gui_app/share/ros2_qt5_gui_app/local_setup.bash
[6.207s] -- Installing: /home/skylar-xty/Add_Pan/ROS2/ROS2-QT/QT_1/install/ros2_qt5_gui_app/share/ros2_qt5_gui_app/local_setup.sh
[6.207s] -- Installing: /home/skylar-xty/Add_Pan/ROS2/ROS2-QT/QT_1/install/ros2_qt5_gui_app/share/ros2_qt5_gui_app/local_setup.zsh
[6.207s] -- Installing: /home/skylar-xty/Add_Pan/ROS2/ROS2-QT/QT_1/install/ros2_qt5_gui_app/share/ros2_qt5_gui_app/local_setup.dsv
[6.207s] -- Installing: /home/skylar-xty/Add_Pan/ROS2/ROS2-QT/QT_1/install/ros2_qt5_gui_app/share/ros2_qt5_gui_app/package.dsv
[6.207s] -- Installing: /home/skylar-xty/Add_Pan/ROS2/ROS2-QT/QT_1/install/ros2_qt5_gui_app/share/ament_index/resource_index/packages/ros2_qt5_gui_app
[6.207s] -- Installing: /home/skylar-xty/Add_Pan/ROS2/ROS2-QT/QT_1/install/ros2_qt5_gui_app/share/ros2_qt5_gui_app/cmake/ros2_qt5_gui_appConfig.cmake
[6.207s] -- Installing: /home/skylar-xty/Add_Pan/ROS2/ROS2-QT/QT_1/install/ros2_qt5_gui_app/share/ros2_qt5_gui_app/cmake/ros2_qt5_gui_appConfig-version.cmake
[6.207s] -- Installing: /home/skylar-xty/Add_Pan/ROS2/ROS2-QT/QT_1/install/ros2_qt5_gui_app/share/ros2_qt5_gui_app/package.xml
[6.209s] Invoked command in '/home/skylar-xty/Add_Pan/ROS2/ROS2-QT/QT_1/build/ros2_qt5_gui_app' returned '0': CMAKE_PREFIX_PATH=${CMAKE_PREFIX_PATH}:/opt/ros/foxy /usr/local/bin/cmake --install /home/skylar-xty/Add_Pan/ROS2/ROS2-QT/QT_1/build/ros2_qt5_gui_app
